expense_tracker/android/app/build/outputs/mapping/release/seeds.txt
io.flutter.plugins.firebase.core.FlutterFirebasePluginRegistry
androidx.window.layout.FoldingFeature$OcclusionType$Companion
androidx.appcompat.widget.ActionBarContainer
androidx.window.layout.HardwareFoldingFeature$Type$Companion
androidx.appcompat.widget.AlertDialogLayout
io.flutter.embedding.engine.FlutterOverlaySurface
com.google.firebase.database.FirebaseDatabaseKtxRegistrar
androidx.window.embedding.SplitRule
androidx.window.R$attr
androidx.window.layout.DisplayCompatHelperApi28
androidx.window.layout.DisplayCompatHelperApi17
androidx.window.embedding.SplitController$Companion
androidx.window.layout.SidecarCompat$registerConfigurationChangeListener$configChangeObserver$1
androidx.window.layout.SidecarCompat$DistinctSidecarElementCallback
androidx.lifecycle.Lifecycling$1
androidx.window.layout.ActivityCompatHelperApi30
androidx.window.layout.SidecarCompat$Companion
androidx.window.layout.ExtensionWindowLayoutInfoBackend
androidx.emoji2.text.EmojiCompatInitializer
androidx.window.embedding.SplitInfo
androidx.window.java.R
androidx.window.core.Version$bigInteger$2
androidx.window.layout.WindowMetricsCalculator$Companion$overrideDecorator$1
io.flutter.embedding.engine.mutatorsstack.FlutterMutatorsStack
androidx.window.embedding.SplitRule$LayoutDir
androidx.window.layout.SidecarWindowBackend
com.google.android.gms.dynamite.DynamiteModule$DynamiteLoaderClassLoader
io.flutter.view.AccessibilityViewEmbedder
io.flutter.plugin.editing.ImeSyncDeferringInsetsCallback$AnimationCallback
androidx.lifecycle.CompositeGeneratedAdaptersObserver
androidx.appcompat.widget.DialogTitle
io.flutter.view.FlutterCallbackInformation
androidx.window.layout.EmptyDecorator
androidx.window.embedding.ExtensionEmbeddingBackend
androidx.window.embedding.EmptyEmbeddingComponent
kotlin.coroutines.jvm.internal.ContinuationImpl: kotlin.coroutines.Continuation intercepted
androidx.window.embedding.SplitPairFilter: android.content.ComponentName primaryActivityName
androidx.concurrent.futures.AbstractResolvableFuture$Waiter: androidx.concurrent.futures.AbstractResolvableFuture$Waiter next
kotlin.coroutines.jvm.internal.SuspendLambda: int arity
androidx.window.core.Version: androidx.window.core.Version UNKNOWN
kotlin.jvm.internal.CallableReference: java.lang.Object NO_RECEIVER
com.google.android.gms.common.internal.zzk: android.os.Parcelable$Creator CREATOR
io.flutter.plugin.editing.ImeSyncDeferringInsetsCallback: boolean needsSave
androidx.window.embedding.ExtensionEmbeddingBackend$SplitListenerWrapper: java.util.concurrent.Executor executor
androidx.window.embedding.SplitRule: int layoutDirection
androidx.lifecycle.Lifecycle$Event: androidx.lifecycle.Lifecycle$Event ON_PAUSE
com.google.android.gms.common.internal.ConnectionTelemetryConfiguration: android.os.Parcelable$Creator CREATOR
kotlinx.coroutines.DispatchedCoroutine: int _decision
androidx.window.R$attr: int secondaryActivityAction
io.flutter.plugins.firebase.core.FlutterFirebasePluginRegistry: java.util.Map registeredPlugins
androidx.window.layout.ExtensionWindowLayoutInfoBackend$MulticastConsumer: java.util.concurrent.locks.ReentrantLock multicastConsumerLock
androidx.window.layout.WindowMetricsCalculator$Companion$decorator$1: androidx.window.layout.WindowMetricsCalculator$Companion$decorator$1 INSTANCE
androidx.window.layout.SidecarWindowBackend: androidx.window.layout.ExtensionInterfaceCompat windowExtension
kotlinx.coroutines.internal.LockFreeLinkedListNode: java.lang.Object _removedRef
androidx.window.layout.FoldingFeature$Orientation: androidx.window.layout.FoldingFeature$Orientation VERTICAL
androidx.window.layout.WindowInfoTracker$Companion: boolean DEBUG
io.flutter.embedding.engine.FlutterJNI: java.lang.String vmServiceUri
androidx.window.layout.SidecarWindowBackend$WindowLayoutChangeCallbackWrapper: androidx.core.util.Consumer callback
androidx.window.embedding.SplitInfo: androidx.window.embedding.ActivityStack secondaryActivityStack