expense_tracker/android/app/build/outputs/mapping/release/mapping.txt
# compiler: R8
# compiler_version: 3.3.70
# min_api: 19
# common_typos_disable
# {"id":"com.android.tools.r8.mapping","version":"2.0"}
# pg_map_id: 2543fdb
# pg_map_hash: SHA-256 2543fdb186d61dd5634b6a7d09fd5b36324a7842892efecb4f71558cf426e892
...
androidx.window.embedding.EmbeddingAdapter -> androidx.window.embedding.EmbeddingAdapter:
    boolean $r8$lambda$-QlFe7fckaSVTLCegr9_8uxVaa4(java.util.Set,android.app.Activity) -> a
      # {"id":"com.android.tools.r8.synthesized"}
    boolean $r8$lambda$nSea4sfI4EFFkXqov0va87aZ_68(androidx.window.embedding.SplitRule,android.view.WindowMetrics) -> b
      # {"id":"com.android.tools.r8.synthesized"}
    boolean $r8$lambda$x8eGFLpnqP7STokqkg3obw9dl5Q(androidx.window.embedding.EmbeddingAdapter,java.util.Set,android.util.Pair) -> c
      # {"id":"com.android.tools.r8.synthesized"}
    boolean $r8$lambda$xf-Lop7h3ngH6EmzyuDyOYtb8Lk(androidx.window.embedding.EmbeddingAdapter,java.util.Set,android.util.Pair) -> d
      # {"id":"com.android.tools.r8.synthesized"}
    boolean $r8$lambda$yScxR8XDNmwEhhX_T4Oe1hesc-c(java.util.Set,android.content.Intent) -> e
      # {"id":"com.android.tools.r8.synthesized"}
androidx.window.embedding.EmbeddingAdapter$$ExternalSyntheticLambda0 -> androidx.window.embedding.b:
# {"id":"sourceFile","fileName":"R8$$SyntheticClass"}
# {"id":"com.android.tools.r8.synthesized"}
    java.util.Set androidx.window.embedding.EmbeddingAdapter$$InternalSyntheticLambda$1$03ecc9c59d87b1a1b86b93b877542e64ef969e188e9be59a383400f0e7ff390a$0.f$1 -> b
    androidx.window.embedding.EmbeddingAdapter androidx.window.embedding.EmbeddingAdapter$$InternalSyntheticLambda$1$03ecc9c59d87b1a1b86b93b877542e64ef969e188e9be59a383400f0e7ff390a$0.f$0 -> a
    void androidx.window.embedding.EmbeddingAdapter$$InternalSyntheticLambda$1$03ecc9c59d87b1a1b86b93b877542e64ef969e188e9be59a383400f0e7ff390a$0.<init>(androidx.window.embedding.EmbeddingAdapter,java.util.Set) -> <init>
      # {"id":"com.android.tools.r8.synthesized"}
    boolean androidx.window.embedding.EmbeddingAdapter$$InternalSyntheticLambda$1$03ecc9c59d87b1a1b86b93b877542e64ef969e188e9be59a383400f0e7ff390a$0.test(java.lang.Object) -> test
      # {"id":"com.android.tools.r8.synthesized"}
androidx.window.embedding.EmbeddingAdapter$$ExternalSyntheticLambda1 -> androidx.window.embedding.c:
# {"id":"sourceFile","fileName":"R8$$SyntheticClass"}
# {"id":"com.android.tools.r8.synthesized"}
    java.util.Set androidx.window.embedding.EmbeddingAdapter$$InternalSyntheticLambda$1$0c62e02bfd53c2d1118e7e3eb4e1f91c946b3a111882fec8f4568b4dcc3d4eaa$0.f$0 -> a
    void androidx.window.embedding.EmbeddingAdapter$$InternalSyntheticLambda$1$0c62e02bfd53c2d1118e7e3eb4e1f91c946b3a111882fec8f4568b4dcc3d4eaa$0.<init>(java.util.Set) -> <init>
      # {"id":"com.android.tools.r8.synthesized"}
    boolean androidx.window.embedding.EmbeddingAdapter$$InternalSyntheticLambda$1$0c62e02bfd53c2d1118e7e3eb4e1f91c946b3a111882fec8f4568b4dcc3d4eaa$0.test(java.lang.Object) -> test
      # {"id":"com.android.tools.r8.synthesized"}
androidx.window.embedding.EmbeddingAdapter$$ExternalSyntheticLambda2 -> androidx.window.embedding.d:
# {"id":"sourceFile","fileName":"R8$$SyntheticClass"}
# {"id":"com.android.tools.r8.synthesized"}
    androidx.window.embedding.SplitRule androidx.window.embedding.EmbeddingAdapter$$InternalSyntheticLambda$1$459153b90e92800dc33b4811d6dc980d22e6c3867fabae96872edb1765f46160$0.f$0 -> a
    void androidx.window.embedding.EmbeddingAdapter$$InternalSyntheticLambda$1$459153b90e92800dc33b4811d6dc980d22e6c3867fabae96872edb1765f46160$0.<init>(androidx.window.embedding.SplitRule) -> <init>
      # {"id":"com.android.tools.r8.synthesized"}
    boolean androidx.window.embedding.EmbeddingAdapter$$InternalSyntheticLambda$1$459153b90e92800dc33b4811d6dc980d22e6c3867fabae96872edb1765f46160$0.test(java.lang.Object) -> test
      # {"id":"com.android.tools.r8.synthesized"}